Found 6744 images, using 500
[[  0 396]
 [  1 104]]
Starting processingFound 6744 images, using 500
[[  0 396]
 [  1 104]]
Starting processingFound 6744 images, using 500
[[  0 396]
 [  1 104]]
Found 6744 images, using 500
[[  0 396]
 [  1 104]]
Starting processingFound 6744 images, using 500
[[  0 396]
 [  1 104]]
Starting processingFound 6744 images, using 500
[[  0 396]
 [  1 104]]
Starting processingFound 6744 images, using 500
[[  0 396]
 [  1 104]]
<type 'file'>
Starting processingFound 6744 images, using 500
[[  0 396]
 [  1 104]]
<type 'file'>
Starting processingFound 6744 images, using 500
[[  0 396]
 [  1 104]]
<type 'file'>
Starting processingOptimising modelTraining ModelOptimising modelOptimising SGD modelOptimising SGD modelOptimising SGD modelTraining ModelTraining ModelTraining ModelTraining ModelTraining ModelTraining ModelTraining ModelTraining ModelTraining ModelTraining ModelTraining ModelTraining ModelTraining ModelTraining ModelTraining ModelTraining ModelTraining ModelTraining ModelTraining ModelTraining ModelTraining ModelTraining ModelTraining ModelTraining ModelTraining ModelTraining ModelTraining ModelTraining ModelTraining ModelTraining ModelTraining ModelTraining ModelTraining ModelTraining ModelTraining ModelTraining ModelTraining ModelTraining ModelTraining ModelTraining ModelTraining ModelTraining ModelTraining ModelTraining ModelTraining ModelTraining ModelTraining ModelTraining ModelTraining ModelTraining ModelTraining ModelTraining ModelTraining ModelTraining ModelTraining ModelTraining ModelTraining ModelTraining ModelTraining ModelTraining ModelTraining ModelTraining ModelTraining ModelTraining ModelTraining ModelTraining ModelTraining ModelTraining ModelTraining ModelTraining ModelTraining ModelTraining ModelTraining ModelTraining ModelTraining ModelTraining ModelTraining ModelTraining ModelTraining ModelTraining ModelTraining ModelTraining ModelTraining ModelTraining ModelTraining ModelTraining ModelTraining ModelTraining ModelTraining ModelTraining ModelTraining ModelTraining ModelTraining ModelTraining ModelTraining ModelTraining ModelTraining ModelTraining ModelTraining ModelTraining ModelTraining ModelTraining ModelTraining ModelTraining ModelTraining ModelTraining ModelTraining ModelTraining ModelTraining ModelTraining ModelTraining ModelTraining ModelTraining ModelTraining ModelTraining ModelTraining ModelTraining ModelTraining ModelTraining ModelTraining ModelTraining ModelTraining ModelTraining ModelTraining ModelTraining Model